<?xml version="1.0" encoding="UTF-8"?>
<!-- Generated by org.testng.reporters.JUnitReportReporter -->
<testsuite hostname="Prasath17" failures="0" tests="1" name="com.bdd_ecommerce.Runnerclass.TestNGTestRunner" time="3.897" errors="0" timestamp="2024-07-02T17:15:15 IST" skipped="0">
  <testcase classname="com.bdd_ecommerce.Runnerclass.TestNGTestRunner" name="runScenario" time="3.897"/>
  <system-out/>
</testsuite> <!-- com.bdd_ecommerce.Runnerclass.TestNGTestRunner -->
